Arguments: 
  D:\work\node\node.exe C:\Users\37479\AppData\Roaming\npm\node_modules\yarn\bin\yarn.js install

PATH: 
  D:\work\onlineins-h5\onlineins-h5\node_modules\.bin;C:\Program Files (x86)\Razer\ChromaBroadcast\bin;C:\Program Files\Razer\ChromaBroadcast\bin;D:\Program Files\Java\jdk1.8.0_162\bin;D:\Program Files\Java\jdk1.8.0_162\jre\bin;D:\Program Files\apache-maven-3.5.0\bin;C:\Program Files (x86)\Intel\Intel(R) Management Engine Components\iCLS\;C:\Program Files\Intel\Intel(R) Management Engine Components\iCLS\;C:\Windows\system32;C:\Windows;C:\Windows\System32\Wbem;C:\Windows\System32\WindowsPowerShell\v1.0\;C:\Windows\System32\OpenSSH\;C:\Program Files (x86)\NVIDIA Corporation\PhysX\Common;C:\Program Files (x86)\Intel\Intel(R) Management Engine Components\DAL;C:\Program Files\Intel\Intel(R) Management Engine Components\DAL;D:\工作\git\Git\cmd;C;\Program Files\TortoiseSVN\bin;D:\work\Mongo\bin;D:\work\git\Git\bin;C:\Program Files\Git\cmd;D:\work\node\;C:\Windows\system32\config\systemprofile\AppData\Local\Microsoft\WindowsApps;C:\Program Files\NVIDIA Corporation\NVIDIA NvDLISR;C:\Program Files\Intel\WiFi\bin\;C:\Program Files\Common Files\Intel\WirelessCommon\;C:\WINDOWS\system32;C:\WINDOWS;C:\WINDOWS\System32\Wbem;C:\WINDOWS\System32\WindowsPowerShell\v1.0\;C:\WINDOWS\System32\OpenSSH\;D:\娱乐\wegame\tgp_daemon.exe;C:\Users\37479\AppData\Local\Microsoft\WindowsApps;C:\Users\37479\AppData\Roaming\npm;C:\Program Files\Intel\WiFi\bin\;C:\Program Files\Common Files\Intel\WirelessCommon\;

Yarn version: 
  1.12.3

Node version: 
  10.14.2

Platform: 
  win32 x64

Trace: 
  Error: https://registry.yarnpkg.com/webpack: ESOCKETTIMEDOUT
      at ClientRequest.<anonymous> (C:\Users\37479\AppData\Roaming\npm\node_modules\yarn\lib\cli.js:129645:19)
      at Object.onceWrapper (events.js:273:13)
      at ClientRequest.emit (events.js:182:13)
      at TLSSocket.emitRequestTimeout (_http_client.js:662:40)
      at Object.onceWrapper (events.js:273:13)
      at TLSSocket.emit (events.js:182:13)
      at TLSSocket.Socket._onTimeout (net.js:453:8)
      at ontimeout (timers.js:436:11)
      at tryOnTimeout (timers.js:300:5)
      at listOnTimeout (timers.js:263:5)

npm manifest: 
  {
      "name": "ballade",
      "version": "1.0.0",
      "author": "",
      "scripts": {
          "dev": "webpack-dev-server --progress --open chrome --config build/webpack.dev.conf.js",
          "start": "npm run dev",
          "lint": "eslint --ext .js,.vue src",
          "build": "node --max_old_space_size=4096 build/uatbuild.js",
          "sitbuild": "node --max_old_space_size=4096 build/sitbuild.js",
          "probuild": "node --max_old_space_size=4096 build/build.js",
          "fix-memory-limit": "increase-memory-limit"
      },
      "dependencies": {
          "axios": "^0.17.1",
          "blueimp-tmpl": "^3.11.0",
          "compressorjs": "^1.0.5",
          "crypto-js": "^3.1.9-1",
          "fastclick": "^1.0.6",
          "js-base64": "^2.4.3",
          "lib-flexible": "^0.3.2",
          "mand-mobile": "^2.4.2",
          "normalize.css": "^8.0.1",
          "postcss-px2rem": "^0.3.0",
          "px2rem-loader": "^0.1.9",
          "sa-sdk-javascript": "^1.13.2",
          "vee-validate": "^2.2.10",
          "vue": "^2.5.2",
          "vue-awesome-swiper": "2.5.4",
          "vue-cookie": "^1.1.4",
          "vue-count-to": "^1.0.13",
          "vue-lazyload": "^1.3.3",
          "vue-qr": "^2.2.1",
          "vuex": "^3.0.1",
          "vuex-persistedstate": "^2.5.4",
          "weixin-js-sdk": "^1.4.0-test"
      },
      "devDependencies": {
          "autoprefixer": "^7.1.2",
          "babel-core": "^6.22.1",
          "babel-eslint": "^7.1.1",
          "babel-loader": "^7.1.1",
          "babel-plugin-import": "^1.11.0",
          "babel-plugin-transform-runtime": "^6.22.0",
          "babel-preset-env": "^1.3.2",
          "babel-preset-stage-2": "^6.22.0",
          "babel-register": "^6.22.0",
          "chalk": "^2.0.1",
          "copy-webpack-plugin": "^4.0.1",
          "css-loader": "^0.28.11",
          "del": "^3.0.0",
          "eslint": "^3.19.0",
          "eslint-config-standard": "^10.2.1",
          "eslint-friendly-formatter": "^3.0.0",
          "eslint-loader": "^1.7.1",
          "eslint-plugin-html": "^3.0.0",
          "eslint-plugin-import": "^2.7.0",
          "eslint-plugin-node": "^5.2.0",
          "eslint-plugin-promise": "^3.4.0",
          "eslint-plugin-standard": "^3.0.1",
          "eventsource-polyfill": "^0.9.6",
          "extract-text-webpack-plugin": "^3.0.0",
          "file-loader": "^1.1.4",
          "friendly-errors-webpack-plugin": "^1.6.1",
          "gulp": "^3.9.0",
          "gulp-inline-source": "^3.1.0",
          "gulp-rename": "^1.2.2",
          "gulp-replace-task": "^0.11.0",
          "gulp-rev": "^8.1.1",
          "gulp-zip": "^4.1.0",
          "html-webpack-inline-source-plugin": "^0.0.9",
          "html-webpack-plugin": "^2.30.1",
          "html-webpack-plugin-for-multihtml": "^2.30.2",
          "increase-memory-limit": "^1.0.7",
          "node-notifier": "^5.1.2",
          "node-sass": "^4.7.2",
          "optimize-css-assets-webpack-plugin": "^3.2.0",
          "ora": "^1.2.0",
          "portfinder": "^1.0.13",
          "postcss-import": "^11.0.0",
          "postcss-loader": "^2.0.8",
          "postcss-pxtorem": "^4.0.1",
          "poststylus": "^1.0.0",
          "rimraf": "^2.6.0",
          "sass-loader": "^6.0.6",
          "sass-resources-loader": "^1.3.1",
          "semver": "^5.3.0",
          "shelljs": "^0.7.6",
          "stylus": "^0.54.5",
          "stylus-loader": "^3.0.2",
          "url-loader": "^0.5.8",
          "vue-loader": "^13.3.0",
          "vue-style-loader": "^3.0.1",
          "vue-template-compiler": "^2.5.2",
          "webpack": "^3.6.0",
          "webpack-bundle-analyzer": "^2.9.0",
          "webpack-dev-server": "^2.9.1",
          "webpack-merge": "^4.1.0"
      },
      "engines": {
          "node": ">= 4.0.0",
          "npm": ">= 3.0.0"
      },
      "browserslist": [
          "> 1%",
          "last 2 versions",
          "not ie <= 8"
      ]
  }

yarn manifest: 
  No manifest

Lockfile: 
  No lockfile
